<?xml version="1.0" encoding="UTF-8"?>
<!-- Generated by org.testng.reporters.JUnitReportReporter -->
<testsuite hostname="LTIN270759" failures="0" tests="3" name="test_case.TC005_" time="22.391" errors="0" timestamp="2024-03-11T10:51:48 IST" skipped="0">
  <testcase classname="test_case.TC005_" name="clickEnterprise" time="10.605"/>
  <system-out/>
  <testcase classname="test_case.TC005_" name="clickOffer" time="4.601"/>
  <system-out/>
  <testcase classname="test_case.TC005_" name="course" time="7.185"/>
  <system-out/>
</testsuite> <!-- test_case.TC005_ -->
