<?xml version="1.0" encoding="UTF-8"?>
<!-- Generated by org.testng.reporters.JUnitReportReporter -->
<testsuite hostname="LTIN270759" failures="0" tests="2" name="test_case.TC002_" time="3.588" errors="0" timestamp="2024-03-07T11:29:58 IST" skipped="0">
  <testcase classname="test_case.TC002_" name="clickEnglish" time="2.625"/>
  <system-out/>
  <testcase classname="test_case.TC002_" name="clickLevel" time="0.963"/>
  <system-out/>
</testsuite> <!-- test_case.TC002_ -->
