<?xml version="1.0" encoding="UTF-8"?>
<!-- Generated by org.testng.reporters.JUnitReportReporter -->
<testsuite hostname="LTIN270759" failures="0" tests="5" name="test_case.TC007_" time="4.287" errors="0" timestamp="2024-03-18T10:08:32 IST" skipped="0">
  <testcase classname="test_case.TC007_" name="FormFilling3" time="1.034"/>
  <system-out/>
  <testcase classname="test_case.TC007_" name="FormFilling4" time="1.211"/>
  <system-out/>
  <testcase classname="test_case.TC007_" name="FormFilling5" time="1.427"/>
  <system-out/>
  <testcase classname="test_case.TC007_" name="submit" time="0.157"/>
  <system-out/>
  <testcase classname="test_case.TC007_" name="screenshot" time="0.458"/>
  <system-out/>
</testsuite> <!-- test_case.TC007_ -->
