<?xml version="1.0" encoding="UTF-8"?>
<!-- Generated by org.testng.reporters.JUnitReportReporter -->
<testsuite hostname="LTIN270759" failures="0" tests="3" name="test_case.TC004_" time="13.318" errors="0" timestamp="2024-02-28T18:40:40 IST" skipped="0">
  <testcase classname="test_case.TC004_" name="learning" time="3.682"/>
  <system-out/>
  <testcase classname="test_case.TC004_" name="clicklanguage" time="8.986"/>
  <system-out/>
  <testcase classname="test_case.TC004_" name="clicklevel" time="0.650"/>
  <system-out/>
</testsuite> <!-- test_case.TC004_ -->
