<?xml version="1.0" encoding="UTF-8"?>
<!-- Generated by org.testng.reporters.JUnitReportReporter -->
<testsuite hostname="LTIN270759" failures="0" tests="5" name="test_case.TC007_" time="4.437" errors="0" timestamp="2024-02-28T18:40:40 IST" skipped="0">
  <testcase classname="test_case.TC007_" name="FormFilling3" time="1.223"/>
  <system-out/>
  <testcase classname="test_case.TC007_" name="FormFilling4" time="1.863"/>
  <system-out/>
  <testcase classname="test_case.TC007_" name="FormFilling5" time="0.846"/>
  <system-out/>
  <testcase classname="test_case.TC007_" name="submit" time="0.128"/>
  <system-out/>
  <testcase classname="test_case.TC007_" name="screenshot" time="0.377"/>
  <system-out/>
</testsuite> <!-- test_case.TC007_ -->
