<?xml version="1.0" encoding="UTF-8"?>
<!-- Generated by org.testng.reporters.JUnitReportReporter -->
<testsuite hostname="LTIN270759" failures="0" tests="2" name="test_case.TC002_" time="3.096" errors="0" timestamp="2024-02-28T18:40:40 IST" skipped="0">
  <testcase classname="test_case.TC002_" name="clickEnglish" time="2.410"/>
  <system-out/>
  <testcase classname="test_case.TC002_" name="clickLevel" time="0.686"/>
  <system-out/>
</testsuite> <!-- test_case.TC002_ -->
