<?xml version="1.0" encoding="UTF-8"?>
<!-- Generated by org.testng.reporters.JUnitReportReporter -->
<testsuite hostname="LTIN270759" failures="0" tests="3" name="test_case.TC004_" time="9.635" errors="0" timestamp="2024-03-07T11:29:58 IST" skipped="0">
  <testcase classname="test_case.TC004_" name="learning" time="2.274"/>
  <system-out/>
  <testcase classname="test_case.TC004_" name="clicklanguage" time="6.677"/>
  <system-out/>
  <testcase classname="test_case.TC004_" name="clicklevel" time="0.684"/>
  <system-out/>
</testsuite> <!-- test_case.TC004_ -->
