<?xml version="1.0" encoding="UTF-8"?>
<!-- Generated by org.testng.reporters.JUnitReportReporter -->
<testsuite hostname="LTIN270759" failures="0" tests="4" name="test_case.TC003_" time="72.154" errors="0" timestamp="2024-03-07T11:29:58 IST" skipped="0">
  <testcase classname="test_case.TC003_" name="course1" time="2.424"/>
  <system-out/>
  <testcase classname="test_case.TC003_" name="clickcourse1" time="40.742"/>
  <system-out/>
  <testcase classname="test_case.TC003_" name="course2" time="0.194"/>
  <system-out/>
  <testcase classname="test_case.TC003_" name="clickcourse2" time="28.794"/>
  <system-out/>
</testsuite> <!-- test_case.TC003_ -->
