<?xml version="1.0" encoding="UTF-8"?>
<!-- Generated by org.testng.reporters.JUnitReportReporter -->
<testsuite hostname="LTIN270759" failures="0" tests="5" name="test_case.TC007_" time="3.734" errors="0" timestamp="2024-03-11T10:51:48 IST" skipped="0">
  <testcase classname="test_case.TC007_" name="FormFilling3" time="1.094"/>
  <system-out/>
  <testcase classname="test_case.TC007_" name="FormFilling4" time="1.317"/>
  <system-out/>
  <testcase classname="test_case.TC007_" name="FormFilling5" time="0.820"/>
  <system-out/>
  <testcase classname="test_case.TC007_" name="submit" time="0.152"/>
  <system-out/>
  <testcase classname="test_case.TC007_" name="screenshot" time="0.351"/>
  <system-out/>
</testsuite> <!-- test_case.TC007_ -->
