<?xml version="1.0" encoding="UTF-8"?>
<!-- Generated by org.testng.reporters.JUnitReportReporter -->
<testsuite hostname="LTIN270759" failures="0" tests="4" name="test_case.TC003_" time="23.941" errors="0" timestamp="2024-03-07T17:51:50 IST" skipped="0">
  <testcase classname="test_case.TC003_" name="course1" time="2.135"/>
  <system-out/>
  <testcase classname="test_case.TC003_" name="clickcourse1" time="11.406"/>
  <system-out/>
  <testcase classname="test_case.TC003_" name="course2" time="0.333"/>
  <system-out/>
  <testcase classname="test_case.TC003_" name="clickcourse2" time="10.067"/>
  <system-out/>
</testsuite> <!-- test_case.TC003_ -->
