<?xml version="1.0" encoding="UTF-8"?>
<!-- Generated by org.testng.reporters.JUnitReportReporter -->
<testsuite hostname="LTIN270759" failures="0" tests="1" name="test_case.TC001_" time="38.016" errors="0" timestamp="2024-02-28T18:40:40 IST" skipped="0">
  <testcase classname="test_case.TC001_" name="searching" time="38.016"/>
  <system-out/>
</testsuite> <!-- test_case.TC001_ -->
