<?xml version="1.0" encoding="UTF-8"?>
<!-- Generated by org.testng.reporters.JUnitReportReporter -->
<testsuite hostname="LTIN270759" failures="0" tests="3" name="test_case.TC005_" time="88.046" errors="0" timestamp="2024-03-07T11:29:58 IST" skipped="0">
  <testcase classname="test_case.TC005_" name="clickEnterprise" time="30.928"/>
  <system-out/>
  <testcase classname="test_case.TC005_" name="clickOffer" time="27.488"/>
  <system-out/>
  <testcase classname="test_case.TC005_" name="course" time="29.630"/>
  <system-out/>
</testsuite> <!-- test_case.TC005_ -->
