<?xml version="1.0" encoding="UTF-8"?>
<!-- Generated by org.testng.reporters.JUnitReportReporter -->
<testsuite hostname="LTIN270759" failures="0" tests="3" name="test_case.TC005_" time="31.164" errors="0" timestamp="2024-03-07T17:51:50 IST" skipped="0">
  <testcase classname="test_case.TC005_" name="clickEnterprise" time="16.434"/>
  <system-out/>
  <testcase classname="test_case.TC005_" name="clickOffer" time="5.196"/>
  <system-out/>
  <testcase classname="test_case.TC005_" name="course" time="9.534"/>
  <system-out/>
</testsuite> <!-- test_case.TC005_ -->
