<?xml version="1.0" encoding="UTF-8"?>
<!-- Generated by org.testng.reporters.JUnitReportReporter -->
<testsuite hostname="LTIN270759" failures="0" tests="1" name="test_case.TC001_" time="13.152" errors="0" timestamp="2024-03-07T17:51:50 IST" skipped="0">
  <testcase classname="test_case.TC001_" name="searching" time="13.152"/>
  <system-out/>
</testsuite> <!-- test_case.TC001_ -->
