<?xml version="1.0" encoding="UTF-8"?>
<!-- Generated by org.testng.reporters.JUnitReportReporter -->
<testsuite hostname="LTIN270759" failures="0" tests="2" name="test_case.TC006_" time="1.603" errors="0" timestamp="2024-03-11T10:51:48 IST" skipped="0">
  <testcase classname="test_case.TC006_" name="FormFilling1" time="0.809"/>
  <system-out/>
  <testcase classname="test_case.TC006_" name="FormFilling2" time="0.794"/>
  <system-out/>
</testsuite> <!-- test_case.TC006_ -->
