<?xml version="1.0" encoding="UTF-8"?>
<!-- Generated by org.testng.reporters.JUnitReportReporter -->
<testsuite hostname="LTIN270759" failures="0" tests="4" name="test_case.TC003_" time="81.335" errors="0" timestamp="2024-02-28T18:40:40 IST" skipped="0">
  <testcase classname="test_case.TC003_" name="course1" time="1.623"/>
  <system-out/>
  <testcase classname="test_case.TC003_" name="clickcourse1" time="39.743"/>
  <system-out/>
  <testcase classname="test_case.TC003_" name="course2" time="0.292"/>
  <system-out/>
  <testcase classname="test_case.TC003_" name="clickcourse2" time="39.677"/>
  <system-out/>
</testsuite> <!-- test_case.TC003_ -->
