<?xml version="1.0" encoding="UTF-8"?>
<!-- Generated by org.testng.reporters.JUnitReportReporter -->
<testsuite hostname="LTIN270759" failures="0" tests="5" name="test_case.TC007_" time="3.713" errors="0" timestamp="2024-03-07T11:29:58 IST" skipped="0">
  <testcase classname="test_case.TC007_" name="FormFilling3" time="1.008"/>
  <system-out/>
  <testcase classname="test_case.TC007_" name="FormFilling4" time="1.320"/>
  <system-out/>
  <testcase classname="test_case.TC007_" name="FormFilling5" time="0.844"/>
  <system-out/>
  <testcase classname="test_case.TC007_" name="submit" time="0.224"/>
  <system-out/>
  <testcase classname="test_case.TC007_" name="screenshot" time="0.317"/>
  <system-out/>
</testsuite> <!-- test_case.TC007_ -->
