<?xml version="1.0" encoding="UTF-8"?>
<!-- Generated by org.testng.reporters.JUnitReportReporter -->
<testsuite hostname="LTIN270759" failures="0" tests="3" name="test_case.TC004_" time="7.283" errors="0" timestamp="2024-03-18T10:08:32 IST" skipped="0">
  <testcase classname="test_case.TC004_" name="learning" time="1.770"/>
  <system-out/>
  <testcase classname="test_case.TC004_" name="clicklanguage" time="4.784"/>
  <system-out/>
  <testcase classname="test_case.TC004_" name="clicklevel" time="0.729"/>
  <system-out/>
</testsuite> <!-- test_case.TC004_ -->
