<?xml version="1.0" encoding="UTF-8"?>
<!-- Generated by org.testng.reporters.JUnitReportReporter -->
<testsuite hostname="LTIN270759" failures="0" tests="3" name="test_case.TC004_" time="8.677" errors="0" timestamp="2024-03-11T10:51:48 IST" skipped="0">
  <testcase classname="test_case.TC004_" name="learning" time="2.065"/>
  <system-out/>
  <testcase classname="test_case.TC004_" name="clicklanguage" time="5.985"/>
  <system-out/>
  <testcase classname="test_case.TC004_" name="clicklevel" time="0.627"/>
  <system-out/>
</testsuite> <!-- test_case.TC004_ -->
