<?xml version="1.0" encoding="UTF-8"?>
<!-- Generated by org.testng.reporters.JUnitReportReporter -->
<testsuite hostname="LTIN270759" failures="0" tests="3" name="test_case.TC005_" time="111.337" errors="0" timestamp="2024-02-28T18:40:40 IST" skipped="0">
  <testcase classname="test_case.TC005_" name="clickEnterprise" time="38.928"/>
  <system-out/>
  <testcase classname="test_case.TC005_" name="clickOffer" time="35.567"/>
  <system-out/>
  <testcase classname="test_case.TC005_" name="course" time="36.842"/>
  <system-out/>
</testsuite> <!-- test_case.TC005_ -->
