<?xml version="1.0" encoding="UTF-8"?>
<!-- Generated by org.testng.reporters.JUnitReportReporter -->
<testsuite hostname="LTIN270759" failures="0" tests="2" name="test_case.TC002_" time="6.140" errors="0" timestamp="2024-03-11T10:51:49 IST" skipped="0">
  <testcase classname="test_case.TC002_" name="clickEnglish" time="3.003"/>
  <system-out/>
  <testcase classname="test_case.TC002_" name="clickLevel" time="3.137"/>
  <system-out/>
</testsuite> <!-- test_case.TC002_ -->
