<?xml version="1.0" encoding="UTF-8"?>
<!-- Generated by org.testng.reporters.JUnitReportReporter -->
<testsuite hostname="LTIN270759" failures="0" tests="4" name="test_case.TC003_" time="21.952" errors="0" timestamp="2024-03-18T10:08:32 IST" skipped="0">
  <testcase classname="test_case.TC003_" name="course1" time="1.231"/>
  <system-out/>
  <testcase classname="test_case.TC003_" name="clickcourse1" time="10.137"/>
  <system-out/>
  <testcase classname="test_case.TC003_" name="course2" time="0.140"/>
  <system-out/>
  <testcase classname="test_case.TC003_" name="clickcourse2" time="10.444"/>
  <system-out/>
</testsuite> <!-- test_case.TC003_ -->
