<?xml version="1.0" encoding="UTF-8"?>
<!-- Generated by org.testng.reporters.JUnitReportReporter -->
<testsuite hostname="LTIN270759" failures="0" tests="2" name="test_case.TC006_" time="1.307" errors="0" timestamp="2024-03-07T11:29:58 IST" skipped="0">
  <testcase classname="test_case.TC006_" name="FormFilling1" time="0.704"/>
  <system-out/>
  <testcase classname="test_case.TC006_" name="FormFilling2" time="0.603"/>
  <system-out/>
</testsuite> <!-- test_case.TC006_ -->
