<?xml version="1.0" encoding="UTF-8"?>
<!-- Generated by org.testng.reporters.JUnitReportReporter -->
<testsuite hostname="LTIN270759" failures="0" tests="4" name="test_case.TC003_" time="34.289" errors="0" timestamp="2024-03-11T10:51:48 IST" skipped="0">
  <testcase classname="test_case.TC003_" name="course1" time="1.776"/>
  <system-out/>
  <testcase classname="test_case.TC003_" name="clickcourse1" time="21.278"/>
  <system-out/>
  <testcase classname="test_case.TC003_" name="course2" time="0.367"/>
  <system-out/>
  <testcase classname="test_case.TC003_" name="clickcourse2" time="10.868"/>
  <system-out/>
</testsuite> <!-- test_case.TC003_ -->
